
(ru/champaproject/stories/registrationWihtNotValidData.story)
Scenario: to verify registrationÂ with not valid data (using spec symbols like !@#$%^&*)
Given Click the "autorization" button in MainPage (FAILED)
(org.openqa.selenium.WebDriverException: unknown error: Element is not clickable at point (690, 48). Other element would receive the click: <td class="arcticmodal-container_i2">...</td>
  (Session info: chrome=49.0.2623.112)
  (Driver info: chromedriver=2.18.343845 (73dd713ba7fbfb73cbb514e62641d8c96a94682a),platform=Windows NT 5.1 SP3 x86) (WARNING: The server did not provide any stacktrace information)
Command duration or timeout: 79 milliseconds
Build info: version: '3.0.1', revision: '1969d75', time: '2016-10-18 09:49:13 -0700'
System info: host: 'microsof-6997e7', ip: '192.168.0.6', os.name: 'Windows XP', os.arch: 'x86', os.version: '5.1', java.version: '1.8.0_101'
Driver info: org.openqa.selenium.chrome.ChromeDriver
Capabilities [{applicationCacheEnabled=false, rotatable=false, mobileEmulationEnabled=false, chrome={userDataDir=C:\DOCUME~1\Admin\LOCALS~1\Temp\scoped_dir3976_3453}, takesHeapSnapshot=true, databaseEnabled=false, handlesAlerts=true, hasTouchScreen=false, version=49.0.2623.112, platform=XP, browserConnectionEnabled=false, nativeEvents=true, acceptSslCerts=true, locationContextEnabled=true, webStorageEnabled=true, browserName=chrome, takesScreenshot=true, javascriptEnabled=true, cssSelectorsEnabled=true}]
Session ID: 3b91e177ad7c43e08dd6f3b837f74543)
And Click the "registration" button in popup (NOT PERFORMED)
When Enter not valid data in fields (NOT PERFORMED)
When Click the "registration" button on the RegistrationPage (NOT PERFORMED)
Then The screen displays error data input (NOT PERFORMED)


