
(ru/champaproject/stories/toVerifyItemPriceAndTotalPriceInTheCart.story)
Scenario: to verify item price and total price in the cart
Given Go to PDP (FAILED)
(org.openqa.selenium.NoSuchElementException: no such element: Unable to locate element: {"method":"xpath","selector":"html/body/div[1]/div[1]/div[1]/div[3]/div[1]/div[2]/div/form/input[4]"}
  (Session info: chrome=49.0.2623.112)
  (Driver info: chromedriver=2.18.343845 (73dd713ba7fbfb73cbb514e62641d8c96a94682a),platform=Windows NT 5.1 SP3 x86) (WARNING: The server did not provide any stacktrace information)
Command duration or timeout: 5.03 seconds
For documentation on this error, please visit: http://seleniumhq.org/exceptions/no_such_element.html
Build info: version: '3.0.1', revision: '1969d75', time: '2016-10-18 09:49:13 -0700'
System info: host: 'microsof-6997e7', ip: '192.168.0.6', os.name: 'Windows XP', os.arch: 'x86', os.version: '5.1', java.version: '1.8.0_101'
Driver info: org.openqa.selenium.chrome.ChromeDriver
Capabilities [{applicationCacheEnabled=false, rotatable=false, mobileEmulationEnabled=false, chrome={userDataDir=C:\DOCUME~1\Admin\LOCALS~1\Temp\scoped_dir3976_3453}, takesHeapSnapshot=true, databaseEnabled=false, handlesAlerts=true, hasTouchScreen=false, version=49.0.2623.112, platform=XP, browserConnectionEnabled=false, nativeEvents=true, acceptSslCerts=true, locationContextEnabled=true, webStorageEnabled=true, browserName=chrome, takesScreenshot=true, javascriptEnabled=true, cssSelectorsEnabled=true}]
Session ID: 3b91e177ad7c43e08dd6f3b837f74543
*** Element info: {Using=xpath, value=html/body/div[1]/div[1]/div[1]/div[3]/div[1]/div[2]/div/form/input[4]})
And Click 'Add to cart' button (NOT PERFORMED)
Then Go to in the shopping cart (NOT PERFORMED)
When Change item quantity (NOT PERFORMED)
Then product price was incriased twiced The summaryprice was chenged accordinally (NOT PERFORMED)


